<?xml version="1.0" encoding="UTF-8"?>
<coverage generated="1781327470932" clover="3.2.0">
  <project timestamp="1781327470932" name="All files">
    <metrics statements="69" coveredstatements="64" conditionals="33" coveredconditionals="30" methods="30" coveredmethods="24" elements="132" coveredelements="118" complexity="0" loc="69" ncloc="69" packages="4" files="8" classes="8"/>
    <package name="application.errors">
      <metrics statements="4" coveredstatements="4" conditionals="1" coveredconditionals="1" methods="1" coveredmethods="1"/>
      <file name="AppError.ts" path="/Users/nicolasguimaraes/Documents/projects/ativotrack/backend/src/application/errors/AppError.ts">
        <metrics statements="4" coveredstatements="4" conditionals="1" coveredconditionals="1" methods="1" coveredmethods="1"/>
        <line num="1" count="5" type="stmt"/>
        <line num="2" count="8" type="cond" truecount="1" falsecount="0"/>
        <line num="3" count="8" type="stmt"/>
        <line num="4" count="8" type="stmt"/>
      </file>
    </package>
    <package name="application.use-cases.auth">
      <metrics statements="26" coveredstatements="26" conditionals="8" coveredconditionals="8" methods="4" coveredmethods="4"/>
      <file name="LoginUser.ts" path="/Users/nicolasguimaraes/Documents/projects/ativotrack/backend/src/application/use-cases/auth/LoginUser.ts">
        <metrics statements="13" coveredstatements="13" conditionals="6" coveredconditionals="6" methods="2" coveredmethods="2"/>
        <line num="4" count="1" type="stmt"/>
        <line num="8" count="1" type="stmt"/>
        <line num="10" count="3" type="stmt"/>
        <line num="11" count="3" type="stmt"/>
        <line num="12" count="3" type="stmt"/>
        <line num="16" count="3" type="stmt"/>
        <line num="17" count="3" type="cond" truecount="4" falsecount="0"/>
        <line num="18" count="1" type="stmt"/>
        <line num="21" count="2" type="stmt"/>
        <line num="22" count="2" type="cond" truecount="2" falsecount="0"/>
        <line num="23" count="1" type="stmt"/>
        <line num="26" count="1" type="stmt"/>
        <line num="27" count="1" type="stmt"/>
      </file>
      <file name="RegisterUser.ts" path="/Users/nicolasguimaraes/Documents/projects/ativotrack/backend/src/application/use-cases/auth/RegisterUser.ts">
        <metrics statements="13" coveredstatements="13" conditionals="2" coveredconditionals="2" methods="2" coveredmethods="2"/>
        <line num="1" count="2" type="stmt"/>
        <line num="5" count="2" type="stmt"/>
        <line num="9" count="2" type="stmt"/>
        <line num="11" count="6" type="stmt"/>
        <line num="12" count="6" type="stmt"/>
        <line num="13" count="6" type="stmt"/>
        <line num="17" count="7" type="stmt"/>
        <line num="18" count="7" type="cond" truecount="2" falsecount="0"/>
        <line num="19" count="1" type="stmt"/>
        <line num="22" count="6" type="stmt"/>
        <line num="24" count="6" type="stmt"/>
        <line num="33" count="6" type="stmt"/>
        <line num="34" count="6" type="stmt"/>
      </file>
    </package>
    <package name="application.use-cases.expenses">
      <metrics statements="12" coveredstatements="12" conditionals="2" coveredconditionals="2" methods="6" coveredmethods="6"/>
      <file name="CreateExpense.ts" path="/Users/nicolasguimaraes/Documents/projects/ativotrack/backend/src/application/use-cases/expenses/CreateExpense.ts">
        <metrics statements="6" coveredstatements="6" conditionals="2" coveredconditionals="2" methods="2" coveredmethods="2"/>
        <line num="1" count="3" type="stmt"/>
        <line num="4" count="3" type="stmt"/>
        <line num="9" count="3" type="stmt"/>
        <line num="10" count="14" type="stmt"/>
        <line num="13" count="44" type="cond" truecount="2" falsecount="0"/>
        <line num="15" count="42" type="stmt"/>
      </file>
      <file name="GetExpensesSummary.ts" path="/Users/nicolasguimaraes/Documents/projects/ativotrack/backend/src/application/use-cases/expenses/GetExpensesSummary.ts">
        <metrics statements="3" coveredstatements="3" conditionals="0" coveredconditionals="0" methods="2" coveredmethods="2"/>
        <line num="5" count="1" type="stmt"/>
        <line num="6" count="5" type="stmt"/>
        <line num="9" count="5" type="stmt"/>
      </file>
      <file name="ListExpenses.ts" path="/Users/nicolasguimaraes/Documents/projects/ativotrack/backend/src/application/use-cases/expenses/ListExpenses.ts">
        <metrics statements="3" coveredstatements="3" conditionals="0" coveredconditionals="0" methods="2" coveredmethods="2"/>
        <line num="7" count="1" type="stmt"/>
        <line num="8" count="5" type="stmt"/>
        <line num="11" count="5" type="stmt"/>
      </file>
    </package>
    <package name="tests.repositories">
      <metrics statements="27" coveredstatements="22" conditionals="22" coveredconditionals="19" methods="19" coveredmethods="13"/>
      <file name="InMemoryExpenseRepository.ts" path="/Users/nicolasguimaraes/Documents/projects/ativotrack/backend/src/tests/repositories/InMemoryExpenseRepository.ts">
        <metrics statements="21" coveredstatements="17" conditionals="18" coveredconditionals="17" methods="13" coveredmethods="9"/>
        <line num="8" count="3" type="stmt"/>
        <line num="9" count="14" type="stmt"/>
        <line num="12" count="42" type="stmt"/>
        <line num="13" count="42" type="stmt"/>
        <line num="17" count="1" type="cond" truecount="1" falsecount="1"/>
        <line num="21" count="5" type="stmt"/>
        <line num="22" count="20" type="cond" truecount="2" falsecount="0"/>
        <line num="23" count="12" type="cond" truecount="4" falsecount="0"/>
        <line num="24" count="10" type="cond" truecount="4" falsecount="0"/>
        <line num="25" count="9" type="cond" truecount="4" falsecount="0"/>
        <line num="26" count="8" type="stmt"/>
        <line num="31" count="0" type="stmt"/>
        <line num="32" count="0" type="stmt"/>
        <line num="33" count="0" type="stmt"/>
        <line num="37" count="0" type="stmt"/>
        <line num="41" count="20" type="stmt"/>
        <line num="42" count="5" type="stmt"/>
        <line num="44" count="5" type="stmt"/>
        <line num="45" count="12" type="cond" truecount="2" falsecount="0"/>
        <line num="48" count="5" type="stmt"/>
        <line num="49" count="12" type="stmt"/>
      </file>
      <file name="InMemoryUserRepository.ts" path="/Users/nicolasguimaraes/Documents/projects/ativotrack/backend/src/tests/repositories/InMemoryUserRepository.ts">
        <metrics statements="6" coveredstatements="5" conditionals="4" coveredconditionals="2" methods="6" coveredmethods="4"/>
        <line num="4" count="2" type="stmt"/>
        <line num="5" count="6" type="stmt"/>
        <line num="8" count="6" type="stmt"/>
        <line num="9" count="6" type="stmt"/>
        <line num="13" count="11" type="cond" truecount="2" falsecount="0"/>
        <line num="17" count="0" type="cond" truecount="0" falsecount="2"/>
      </file>
    </package>
  </project>
</coverage>
