{"/Users/nicolasguimaraes/Documents/projects/ativotrack/backend/src/application/errors/AppError.ts": {"path":"/Users/nicolasguimaraes/Documents/projects/ativotrack/backend/src/application/errors/AppError.ts","statementMap":{"0":{"start":{"line":3,"column":4},"end":{"line":3,"column":19}},"1":{"start":{"line":2,"column":38},"end":{"line":2,"column":59}},"2":{"start":{"line":4,"column":4},"end":{"line":4,"column":27}},"3":{"start":{"line":1,"column":0},"end":{"line":1,"column":13}}},"fnMap":{"0":{"name":"(anonymous_0)","decl":{"start":{"line":2,"column":2},"end":{"line":2,"column":14}},"loc":{"start":{"line":2,"column":62},"end":{"line":5,"column":3}}}},"branchMap":{"0":{"loc":{"start":{"line":2,"column":38},"end":{"line":2,"column":62}},"type":"default-arg","locations":[{"start":{"line":2,"column":59},"end":{"line":2,"column":62}}]}},"s":{"0":8,"1":8,"2":8,"3":5},"f":{"0":8},"b":{"0":[2]}}
,"/Users/nicolasguimaraes/Documents/projects/ativotrack/backend/src/application/use-cases/auth/LoginUser.ts": {"path":"/Users/nicolasguimaraes/Documents/projects/ativotrack/backend/src/application/use-cases/auth/LoginUser.ts","statementMap":{"0":{"start":{"line":4,"column":0},"end":{"line":4,"column":49}},"1":{"start":{"line":10,"column":21},"end":{"line":10,"column":52}},"2":{"start":{"line":11,"column":21},"end":{"line":11,"column":36}},"3":{"start":{"line":12,"column":21},"end":{"line":12,"column":48}},"4":{"start":{"line":16,"column":17},"end":{"line":16,"column":61}},"5":{"start":{"line":17,"column":4},"end":{"line":19,"column":5}},"6":{"start":{"line":18,"column":6},"end":{"line":18,"column":55}},"7":{"start":{"line":21,"column":18},"end":{"line":21,"column":72}},"8":{"start":{"line":22,"column":4},"end":{"line":24,"column":5}},"9":{"start":{"line":23,"column":6},"end":{"line":23,"column":55}},"10":{"start":{"line":26,"column":18},"end":{"line":26,"column":62}},"11":{"start":{"line":27,"column":4},"end":{"line":27,"column":80}},"12":{"start":{"line":8,"column":0},"end":{"line":8,"column":13}}},"fnMap":{"0":{"name":"(anonymous_0)","decl":{"start":{"line":9,"column":2},"end":{"line":9,"column":null}},"loc":{"start":{"line":12,"column":48},"end":{"line":13,"column":6}}},"1":{"name":"(anonymous_1)","decl":{"start":{"line":15,"column":2},"end":{"line":15,"column":7}},"loc":{"start":{"line":15,"column":51},"end":{"line":28,"column":3}}}},"branchMap":{"0":{"loc":{"start":{"line":17,"column":4},"end":{"line":19,"column":5}},"type":"if","locations":[{"start":{"line":17,"column":4},"end":{"line":19,"column":5}},{"start":{},"end":{}}]},"1":{"loc":{"start":{"line":17,"column":8},"end":{"line":17,"column":35}},"type":"binary-expr","locations":[{"start":{"line":17,"column":8},"end":{"line":17,"column":13}},{"start":{"line":17,"column":17},"end":{"line":17,"column":35}}]},"2":{"loc":{"start":{"line":22,"column":4},"end":{"line":24,"column":5}},"type":"if","locations":[{"start":{"line":22,"column":4},"end":{"line":24,"column":5}},{"start":{},"end":{}}]}},"s":{"0":1,"1":3,"2":3,"3":3,"4":3,"5":3,"6":1,"7":2,"8":2,"9":1,"10":1,"11":1,"12":1},"f":{"0":3,"1":3},"b":{"0":[1,2],"1":[3,2],"2":[1,1]}}
,"/Users/nicolasguimaraes/Documents/projects/ativotrack/backend/src/application/use-cases/auth/RegisterUser.ts": {"path":"/Users/nicolasguimaraes/Documents/projects/ativotrack/backend/src/application/use-cases/auth/RegisterUser.ts","statementMap":{"0":{"start":{"line":1,"column":0},"end":{"line":1,"column":36}},"1":{"start":{"line":5,"column":0},"end":{"line":5,"column":49}},"2":{"start":{"line":11,"column":21},"end":{"line":11,"column":52}},"3":{"start":{"line":12,"column":21},"end":{"line":12,"column":36}},"4":{"start":{"line":13,"column":21},"end":{"line":13,"column":48}},"5":{"start":{"line":17,"column":21},"end":{"line":17,"column":65}},"6":{"start":{"line":18,"column":4},"end":{"line":20,"column":5}},"7":{"start":{"line":19,"column":6},"end":{"line":19,"column":53}},"8":{"start":{"line":22,"column":25},"end":{"line":22,"column":57}},"9":{"start":{"line":24,"column":17},"end":{"line":31,"column":6}},"10":{"start":{"line":33,"column":18},"end":{"line":33,"column":62}},"11":{"start":{"line":34,"column":4},"end":{"line":34,"column":80}},"12":{"start":{"line":9,"column":0},"end":{"line":9,"column":13}}},"fnMap":{"0":{"name":"(anonymous_0)","decl":{"start":{"line":10,"column":2},"end":{"line":10,"column":null}},"loc":{"start":{"line":13,"column":48},"end":{"line":14,"column":6}}},"1":{"name":"(anonymous_1)","decl":{"start":{"line":16,"column":2},"end":{"line":16,"column":7}},"loc":{"start":{"line":16,"column":60},"end":{"line":35,"column":3}}}},"branchMap":{"0":{"loc":{"start":{"line":18,"column":4},"end":{"line":20,"column":5}},"type":"if","locations":[{"start":{"line":18,"column":4},"end":{"line":20,"column":5}},{"start":{},"end":{}}]}},"s":{"0":2,"1":2,"2":6,"3":6,"4":6,"5":7,"6":7,"7":1,"8":6,"9":6,"10":6,"11":6,"12":2},"f":{"0":6,"1":7},"b":{"0":[1,6]}}
,"/Users/nicolasguimaraes/Documents/projects/ativotrack/backend/src/application/use-cases/expenses/CreateExpense.ts": {"path":"/Users/nicolasguimaraes/Documents/projects/ativotrack/backend/src/application/use-cases/expenses/CreateExpense.ts","statementMap":{"0":{"start":{"line":1,"column":0},"end":{"line":1,"column":36}},"1":{"start":{"line":4,"column":0},"end":{"line":4,"column":49}},"2":{"start":{"line":10,"column":31},"end":{"line":10,"column":68}},"3":{"start":{"line":13,"column":4},"end":{"line":13,"column":75}},"4":{"start":{"line":13,"column":27},"end":{"line":13,"column":75}},"5":{"start":{"line":15,"column":4},"end":{"line":18,"column":7}},"6":{"start":{"line":9,"column":0},"end":{"line":9,"column":13}}},"fnMap":{"0":{"name":"(anonymous_0)","decl":{"start":{"line":10,"column":2},"end":{"line":10,"column":31}},"loc":{"start":{"line":10,"column":68},"end":{"line":10,"column":72}}},"1":{"name":"(anonymous_1)","decl":{"start":{"line":12,"column":2},"end":{"line":12,"column":7}},"loc":{"start":{"line":12,"column":28},"end":{"line":19,"column":3}}}},"branchMap":{"0":{"loc":{"start":{"line":13,"column":4},"end":{"line":13,"column":75}},"type":"if","locations":[{"start":{"line":13,"column":4},"end":{"line":13,"column":75}},{"start":{},"end":{}}]}},"s":{"0":3,"1":3,"2":14,"3":44,"4":2,"5":42,"6":3},"f":{"0":14,"1":44},"b":{"0":[2,42]}}
,"/Users/nicolasguimaraes/Documents/projects/ativotrack/backend/src/application/use-cases/expenses/GetExpensesSummary.ts": {"path":"/Users/nicolasguimaraes/Documents/projects/ativotrack/backend/src/application/use-cases/expenses/GetExpensesSummary.ts","statementMap":{"0":{"start":{"line":6,"column":31},"end":{"line":6,"column":68}},"1":{"start":{"line":9,"column":4},"end":{"line":9,"column":61}},"2":{"start":{"line":5,"column":0},"end":{"line":5,"column":13}}},"fnMap":{"0":{"name":"(anonymous_0)","decl":{"start":{"line":6,"column":2},"end":{"line":6,"column":31}},"loc":{"start":{"line":6,"column":68},"end":{"line":6,"column":72}}},"1":{"name":"(anonymous_1)","decl":{"start":{"line":8,"column":2},"end":{"line":8,"column":7}},"loc":{"start":{"line":8,"column":33},"end":{"line":10,"column":3}}}},"branchMap":{},"s":{"0":5,"1":5,"2":1},"f":{"0":5,"1":5},"b":{}}
,"/Users/nicolasguimaraes/Documents/projects/ativotrack/backend/src/application/use-cases/expenses/ListExpenses.ts": {"path":"/Users/nicolasguimaraes/Documents/projects/ativotrack/backend/src/application/use-cases/expenses/ListExpenses.ts","statementMap":{"0":{"start":{"line":8,"column":31},"end":{"line":8,"column":68}},"1":{"start":{"line":11,"column":4},"end":{"line":11,"column":67}},"2":{"start":{"line":7,"column":0},"end":{"line":7,"column":13}}},"fnMap":{"0":{"name":"(anonymous_0)","decl":{"start":{"line":8,"column":2},"end":{"line":8,"column":31}},"loc":{"start":{"line":8,"column":68},"end":{"line":8,"column":72}}},"1":{"name":"(anonymous_1)","decl":{"start":{"line":10,"column":2},"end":{"line":10,"column":7}},"loc":{"start":{"line":10,"column":45},"end":{"line":12,"column":3}}}},"branchMap":{},"s":{"0":5,"1":5,"2":1},"f":{"0":5,"1":5},"b":{}}
,"/Users/nicolasguimaraes/Documents/projects/ativotrack/backend/src/tests/repositories/InMemoryExpenseRepository.ts": {"path":"/Users/nicolasguimaraes/Documents/projects/ativotrack/backend/src/tests/repositories/InMemoryExpenseRepository.ts","statementMap":{"0":{"start":{"line":9,"column":10},"end":{"line":9,"column":32}},"1":{"start":{"line":12,"column":4},"end":{"line":12,"column":29}},"2":{"start":{"line":13,"column":4},"end":{"line":13,"column":19}},"3":{"start":{"line":17,"column":4},"end":{"line":17,"column":55}},"4":{"start":{"line":17,"column":34},"end":{"line":17,"column":45}},"5":{"start":{"line":21,"column":4},"end":{"line":27,"column":7}},"6":{"start":{"line":22,"column":6},"end":{"line":22,"column":44}},"7":{"start":{"line":22,"column":31},"end":{"line":22,"column":44}},"8":{"start":{"line":23,"column":6},"end":{"line":23,"column":77}},"9":{"start":{"line":23,"column":64},"end":{"line":23,"column":77}},"10":{"start":{"line":24,"column":6},"end":{"line":24,"column":63}},"11":{"start":{"line":24,"column":50},"end":{"line":24,"column":63}},"12":{"start":{"line":25,"column":6},"end":{"line":25,"column":59}},"13":{"start":{"line":25,"column":46},"end":{"line":25,"column":59}},"14":{"start":{"line":26,"column":6},"end":{"line":26,"column":18}},"15":{"start":{"line":31,"column":18},"end":{"line":31,"column":66}},"16":{"start":{"line":31,"column":46},"end":{"line":31,"column":65}},"17":{"start":{"line":32,"column":4},"end":{"line":32,"column":32}},"18":{"start":{"line":33,"column":4},"end":{"line":33,"column":19}},"19":{"start":{"line":37,"column":4},"end":{"line":37,"column":55}},"20":{"start":{"line":37,"column":42},"end":{"line":37,"column":53}},"21":{"start":{"line":41,"column":21},"end":{"line":41,"column":66}},"22":{"start":{"line":41,"column":46},"end":{"line":41,"column":65}},"23":{"start":{"line":42,"column":47},"end":{"line":42,"column":49}},"24":{"start":{"line":44,"column":4},"end":{"line":46,"column":5}},"25":{"start":{"line":45,"column":6},"end":{"line":45,"column":90}},"26":{"start":{"line":48,"column":4},"end":{"line":52,"column":6}},"27":{"start":{"line":49,"column":41},"end":{"line":49,"column":55}},"28":{"start":{"line":8,"column":0},"end":{"line":8,"column":13}}},"fnMap":{"0":{"name":"(anonymous_0)","decl":{"start":{"line":8,"column":0},"end":{"line":8,"column":13}},"loc":{"start":{"line":8,"column":0},"end":{"line":54,"column":1}}},"1":{"name":"(anonymous_1)","decl":{"start":{"line":11,"column":2},"end":{"line":11,"column":7}},"loc":{"start":{"line":11,"column":31},"end":{"line":14,"column":3}}},"2":{"name":"(anonymous_2)","decl":{"start":{"line":16,"column":2},"end":{"line":16,"column":7}},"loc":{"start":{"line":16,"column":27},"end":{"line":18,"column":3}}},"3":{"name":"(anonymous_3)","decl":{"start":{"line":17,"column":27},"end":{"line":17,"column":28}},"loc":{"start":{"line":17,"column":34},"end":{"line":17,"column":45}}},"4":{"name":"(anonymous_4)","decl":{"start":{"line":20,"column":2},"end":{"line":20,"column":7}},"loc":{"start":{"line":20,"column":64},"end":{"line":28,"column":3}}},"5":{"name":"(anonymous_5)","decl":{"start":{"line":21,"column":29},"end":{"line":21,"column":30}},"loc":{"start":{"line":21,"column":35},"end":{"line":27,"column":5}}},"6":{"name":"(anonymous_6)","decl":{"start":{"line":30,"column":2},"end":{"line":30,"column":7}},"loc":{"start":{"line":30,"column":31},"end":{"line":34,"column":3}}},"7":{"name":"(anonymous_7)","decl":{"start":{"line":31,"column":39},"end":{"line":31,"column":40}},"loc":{"start":{"line":31,"column":46},"end":{"line":31,"column":65}}},"8":{"name":"(anonymous_8)","decl":{"start":{"line":36,"column":2},"end":{"line":36,"column":7}},"loc":{"start":{"line":36,"column":25},"end":{"line":38,"column":3}}},"9":{"name":"(anonymous_9)","decl":{"start":{"line":37,"column":35},"end":{"line":37,"column":36}},"loc":{"start":{"line":37,"column":42},"end":{"line":37,"column":53}}},"10":{"name":"(anonymous_10)","decl":{"start":{"line":40,"column":2},"end":{"line":40,"column":7}},"loc":{"start":{"line":40,"column":41},"end":{"line":53,"column":3}}},"11":{"name":"(anonymous_11)","decl":{"start":{"line":41,"column":39},"end":{"line":41,"column":40}},"loc":{"start":{"line":41,"column":46},"end":{"line":41,"column":65}}},"12":{"name":"(anonymous_12)","decl":{"start":{"line":49,"column":29},"end":{"line":49,"column":30}},"loc":{"start":{"line":49,"column":41},"end":{"line":49,"column":55}}}},"branchMap":{"0":{"loc":{"start":{"line":17,"column":11},"end":{"line":17,"column":54}},"type":"binary-expr","locations":[{"start":{"line":17,"column":11},"end":{"line":17,"column":46}},{"start":{"line":17,"column":50},"end":{"line":17,"column":54}}]},"1":{"loc":{"start":{"line":22,"column":6},"end":{"line":22,"column":44}},"type":"if","locations":[{"start":{"line":22,"column":6},"end":{"line":22,"column":44}},{"start":{},"end":{}}]},"2":{"loc":{"start":{"line":23,"column":6},"end":{"line":23,"column":77}},"type":"if","locations":[{"start":{"line":23,"column":6},"end":{"line":23,"column":77}},{"start":{},"end":{}}]},"3":{"loc":{"start":{"line":23,"column":10},"end":{"line":23,"column":62}},"type":"binary-expr","locations":[{"start":{"line":23,"column":10},"end":{"line":23,"column":27}},{"start":{"line":23,"column":31},"end":{"line":23,"column":62}}]},"4":{"loc":{"start":{"line":24,"column":6},"end":{"line":24,"column":63}},"type":"if","locations":[{"start":{"line":24,"column":6},"end":{"line":24,"column":63}},{"start":{},"end":{}}]},"5":{"loc":{"start":{"line":24,"column":10},"end":{"line":24,"column":48}},"type":"binary-expr","locations":[{"start":{"line":24,"column":10},"end":{"line":24,"column":23}},{"start":{"line":24,"column":27},"end":{"line":24,"column":48}}]},"6":{"loc":{"start":{"line":25,"column":6},"end":{"line":25,"column":59}},"type":"if","locations":[{"start":{"line":25,"column":6},"end":{"line":25,"column":59}},{"start":{},"end":{}}]},"7":{"loc":{"start":{"line":25,"column":10},"end":{"line":25,"column":44}},"type":"binary-expr","locations":[{"start":{"line":25,"column":10},"end":{"line":25,"column":21}},{"start":{"line":25,"column":25},"end":{"line":25,"column":44}}]},"8":{"loc":{"start":{"line":45,"column":38},"end":{"line":45,"column":71}},"type":"binary-expr","locations":[{"start":{"line":45,"column":38},"end":{"line":45,"column":66}},{"start":{"line":45,"column":70},"end":{"line":45,"column":71}}]}},"s":{"0":14,"1":42,"2":42,"3":1,"4":1,"5":5,"6":20,"7":8,"8":12,"9":2,"10":10,"11":1,"12":9,"13":1,"14":8,"15":0,"16":0,"17":0,"18":0,"19":0,"20":0,"21":5,"22":20,"23":5,"24":5,"25":12,"26":5,"27":12,"28":3},"f":{"0":14,"1":42,"2":1,"3":1,"4":5,"5":20,"6":0,"7":0,"8":0,"9":0,"10":5,"11":20,"12":12},"b":{"0":[1,0],"1":[8,12],"2":[2,10],"3":[12,3],"4":[1,9],"5":[10,3],"6":[1,8],"7":[9,3],"8":[12,8]}}
,"/Users/nicolasguimaraes/Documents/projects/ativotrack/backend/src/tests/repositories/InMemoryUserRepository.ts": {"path":"/Users/nicolasguimaraes/Documents/projects/ativotrack/backend/src/tests/repositories/InMemoryUserRepository.ts","statementMap":{"0":{"start":{"line":5,"column":10},"end":{"line":5,"column":29}},"1":{"start":{"line":8,"column":4},"end":{"line":8,"column":26}},"2":{"start":{"line":9,"column":4},"end":{"line":9,"column":16}},"3":{"start":{"line":13,"column":4},"end":{"line":13,"column":61}},"4":{"start":{"line":13,"column":34},"end":{"line":13,"column":51}},"5":{"start":{"line":17,"column":4},"end":{"line":17,"column":55}},"6":{"start":{"line":17,"column":34},"end":{"line":17,"column":45}},"7":{"start":{"line":4,"column":0},"end":{"line":4,"column":13}}},"fnMap":{"0":{"name":"(anonymous_0)","decl":{"start":{"line":4,"column":0},"end":{"line":4,"column":13}},"loc":{"start":{"line":4,"column":0},"end":{"line":19,"column":1}}},"1":{"name":"(anonymous_1)","decl":{"start":{"line":7,"column":2},"end":{"line":7,"column":7}},"loc":{"start":{"line":7,"column":25},"end":{"line":10,"column":3}}},"2":{"name":"(anonymous_2)","decl":{"start":{"line":12,"column":2},"end":{"line":12,"column":7}},"loc":{"start":{"line":12,"column":33},"end":{"line":14,"column":3}}},"3":{"name":"(anonymous_3)","decl":{"start":{"line":13,"column":27},"end":{"line":13,"column":28}},"loc":{"start":{"line":13,"column":34},"end":{"line":13,"column":51}}},"4":{"name":"(anonymous_4)","decl":{"start":{"line":16,"column":2},"end":{"line":16,"column":7}},"loc":{"start":{"line":16,"column":27},"end":{"line":18,"column":3}}},"5":{"name":"(anonymous_5)","decl":{"start":{"line":17,"column":27},"end":{"line":17,"column":28}},"loc":{"start":{"line":17,"column":34},"end":{"line":17,"column":45}}}},"branchMap":{"0":{"loc":{"start":{"line":13,"column":11},"end":{"line":13,"column":60}},"type":"binary-expr","locations":[{"start":{"line":13,"column":11},"end":{"line":13,"column":52}},{"start":{"line":13,"column":56},"end":{"line":13,"column":60}}]},"1":{"loc":{"start":{"line":17,"column":11},"end":{"line":17,"column":54}},"type":"binary-expr","locations":[{"start":{"line":17,"column":11},"end":{"line":17,"column":46}},{"start":{"line":17,"column":50},"end":{"line":17,"column":54}}]}},"s":{"0":6,"1":6,"2":6,"3":11,"4":5,"5":0,"6":0,"7":2},"f":{"0":6,"1":6,"2":11,"3":5,"4":0,"5":0},"b":{"0":[11,7],"1":[0,0]}}
}
