TN:
SF:src/application/errors/AppError.ts
FN:2,(anonymous_0)
FNF:1
FNH:1
FNDA:8,(anonymous_0)
DA:1,5
DA:2,8
DA:3,8
DA:4,8
LF:4
LH:4
BRDA:2,0,0,2
BRF:1
BRH:1
end_of_record
TN:
SF:src/application/use-cases/auth/LoginUser.ts
FN:9,(anonymous_0)
FN:15,(anonymous_1)
FNF:2
FNH:2
FNDA:3,(anonymous_0)
FNDA:3,(anonymous_1)
DA:4,1
DA:8,1
DA:10,3
DA:11,3
DA:12,3
DA:16,3
DA:17,3
DA:18,1
DA:21,2
DA:22,2
DA:23,1
DA:26,1
DA:27,1
LF:13
LH:13
BRDA:17,0,0,1
BRDA:17,0,1,2
BRDA:17,1,0,3
BRDA:17,1,1,2
BRDA:22,2,0,1
BRDA:22,2,1,1
BRF:6
BRH:6
end_of_record
TN:
SF:src/application/use-cases/auth/RegisterUser.ts
FN:10,(anonymous_0)
FN:16,(anonymous_1)
FNF:2
FNH:2
FNDA:6,(anonymous_0)
FNDA:7,(anonymous_1)
DA:1,2
DA:5,2
DA:9,2
DA:11,6
DA:12,6
DA:13,6
DA:17,7
DA:18,7
DA:19,1
DA:22,6
DA:24,6
DA:33,6
DA:34,6
LF:13
LH:13
BRDA:18,0,0,1
BRDA:18,0,1,6
BRF:2
BRH:2
end_of_record
TN:
SF:src/application/use-cases/expenses/CreateExpense.ts
FN:10,(anonymous_0)
FN:12,(anonymous_1)
FNF:2
FNH:2
FNDA:14,(anonymous_0)
FNDA:44,(anonymous_1)
DA:1,3
DA:4,3
DA:9,3
DA:10,14
DA:13,44
DA:15,42
LF:6
LH:6
BRDA:13,0,0,2
BRDA:13,0,1,42
BRF:2
BRH:2
end_of_record
TN:
SF:src/application/use-cases/expenses/GetExpensesSummary.ts
FN:6,(anonymous_0)
FN:8,(anonymous_1)
FNF:2
FNH:2
FNDA:5,(anonymous_0)
FNDA:5,(anonymous_1)
DA:5,1
DA:6,5
DA:9,5
LF:3
LH:3
BRF:0
BRH:0
end_of_record
TN:
SF:src/application/use-cases/expenses/ListExpenses.ts
FN:8,(anonymous_0)
FN:10,(anonymous_1)
FNF:2
FNH:2
FNDA:5,(anonymous_0)
FNDA:5,(anonymous_1)
DA:7,1
DA:8,5
DA:11,5
LF:3
LH:3
BRF:0
BRH:0
end_of_record
TN:
SF:src/tests/repositories/InMemoryExpenseRepository.ts
FN:8,(anonymous_0)
FN:11,(anonymous_1)
FN:16,(anonymous_2)
FN:17,(anonymous_3)
FN:20,(anonymous_4)
FN:21,(anonymous_5)
FN:30,(anonymous_6)
FN:31,(anonymous_7)
FN:36,(anonymous_8)
FN:37,(anonymous_9)
FN:40,(anonymous_10)
FN:41,(anonymous_11)
FN:49,(anonymous_12)
FNF:13
FNH:9
FNDA:14,(anonymous_0)
FNDA:42,(anonymous_1)
FNDA:1,(anonymous_2)
FNDA:1,(anonymous_3)
FNDA:5,(anonymous_4)
FNDA:20,(anonymous_5)
FNDA:0,(anonymous_6)
FNDA:0,(anonymous_7)
FNDA:0,(anonymous_8)
FNDA:0,(anonymous_9)
FNDA:5,(anonymous_10)
FNDA:20,(anonymous_11)
FNDA:12,(anonymous_12)
DA:8,3
DA:9,14
DA:12,42
DA:13,42
DA:17,1
DA:21,5
DA:22,20
DA:23,12
DA:24,10
DA:25,9
DA:26,8
DA:31,0
DA:32,0
DA:33,0
DA:37,0
DA:41,20
DA:42,5
DA:44,5
DA:45,12
DA:48,5
DA:49,12
LF:21
LH:17
BRDA:17,0,0,1
BRDA:17,0,1,0
BRDA:22,1,0,8
BRDA:22,1,1,12
BRDA:23,2,0,2
BRDA:23,2,1,10
BRDA:23,3,0,12
BRDA:23,3,1,3
BRDA:24,4,0,1
BRDA:24,4,1,9
BRDA:24,5,0,10
BRDA:24,5,1,3
BRDA:25,6,0,1
BRDA:25,6,1,8
BRDA:25,7,0,9
BRDA:25,7,1,3
BRDA:45,8,0,12
BRDA:45,8,1,8
BRF:18
BRH:17
end_of_record
TN:
SF:src/tests/repositories/InMemoryUserRepository.ts
FN:4,(anonymous_0)
FN:7,(anonymous_1)
FN:12,(anonymous_2)
FN:13,(anonymous_3)
FN:16,(anonymous_4)
FN:17,(anonymous_5)
FNF:6
FNH:4
FNDA:6,(anonymous_0)
FNDA:6,(anonymous_1)
FNDA:11,(anonymous_2)
FNDA:5,(anonymous_3)
FNDA:0,(anonymous_4)
FNDA:0,(anonymous_5)
DA:4,2
DA:5,6
DA:8,6
DA:9,6
DA:13,11
DA:17,0
LF:6
LH:5
BRDA:13,0,0,11
BRDA:13,0,1,7
BRDA:17,1,0,0
BRDA:17,1,1,0
BRF:4
BRH:2
end_of_record
